0 info it worked if it ends with ok
1 verbose cli [ 'C:\\Program Files\\nodejs\\node.exe',
1 verbose cli   'C:\\Program Files\\nodejs\\node_modules\\npm\\bin\\npm-cli.js',
1 verbose cli   'run',
1 verbose cli   'test' ]
2 info using npm@3.10.3
3 info using node@v6.6.0
4 verbose run-script [ 'pretest', 'test', 'posttest' ]
5 info lifecycle compose-mongodb-helloworld-nodejs@0.0.0~pretest: compose-mongodb-helloworld-nodejs@0.0.0
6 silly lifecycle compose-mongodb-helloworld-nodejs@0.0.0~pretest: no script for pretest, continuing
7 info lifecycle compose-mongodb-helloworld-nodejs@0.0.0~test: compose-mongodb-helloworld-nodejs@0.0.0
8 verbose lifecycle compose-mongodb-helloworld-nodejs@0.0.0~test: unsafe-perm in lifecycle true
9 verbose lifecycle compose-mongodb-helloworld-nodejs@0.0.0~test: PATH: C:\Program Files\nodejs\node_modules\npm\bin\node-gyp-bin;C:\Users\vsamsinovs\OneDrive\Wit\Distributed Systems\Project2\MongoApi\compose-mongodb-helloworld-nodejs\node_modules\.bin;C:\Program Files\nodejs;C:\ProgramData\Oracle\Java\javapath;C:\Program Files (x86)\Intel\iCLS Client\;C:\Program Files\Intel\iCLS Client\;C:\Program Files\Dell\DW WLAN Card;C:\Windows\system32;C:\Windows;C:\Windows\System32\Wbem;C:\Windows\System32\WindowsPowerShell\v1.0\;C:\Program Files (x86)\NVIDIA Corporation\PhysX\Common;C:\Program Files (x86)\Intel\Intel(R) Management Engine Components\DAL;C:\Program Files\Intel\Intel(R) Management Engine Components\DAL;C:\Program Files (x86)\Intel\Intel(R) Management Engine Components\IPT;C:\Program Files\Intel\Intel(R) Management Engine Components\IPT;C:\Program Files\WIDCOMM\Bluetooth Software\;C:\Program Files\WIDCOMM\Bluetooth Software\syswow64;C:\Program Files\Microsoft SQL Server\120\Tools\Binn\;C:\Program Files\Microsoft SQL Server\130\Tools\Binn\;C:\Program Files\Microsoft SQL Server\Client SDK\ODBC\130\Tools\Binn\;C:\Program Files (x86)\Microsoft SQL Server\130\Tools\Binn\;C:\Program Files\Microsoft SQL Server\130\DTS\Binn\;C:\Program Files (x86)\Microsoft SQL Server\Client SDK\ODBC\130\Tools\Binn\;C:\Program Files (x86)\Microsoft SQL Server\130\DTS\Binn\;C:\Program Files (x86)\Microsoft SQL Server\130\Tools\Binn\ManagementStudio\;C:\Program Files\nodejs\;C:\WINDOWS\system32;C:\WINDOWS;C:\WINDOWS\System32\Wbem;C:\WINDOWS\System32\WindowsPowerShell\v1.0\;C:\Program Files\Java\jdk1.8.0_101\;C:\Users\vsamsinovs\Documents\apache-maven-3.3.9-bin\apache-maven-3.3.9\bin;C:\Users\vsamsinovs\Documents\apache-maven-3.3.9-bin\apache-maven-3.3.9;C:\Users\vsamsinovs\Downloads\typesafe-activator-1.3.12\activator-dist-1.3.12\bin\;C:\Program Files (x86)\Heroku\bin;C:\Program Files (x86)\git\cmd;C:\Program Files\Git\cmd;C:\Program Files (x86)\scala\bin;C:\Program Files\dotnet\;C:\Program Files (x86)\IBM\Page Detailer\;C:\Users\vsamsinovs\AppData\Roaming\npm;C:\Users\vsamsinovs\AppData\Local\Microsoft\WindowsApps;C:\Program Files (x86)\Microsoft VS Code\bin;C:\Users\vsamsinovs\Downloads\typesafe-activator-1.3.12\activator-dist-1.3.12\bin\;C:\Users\vsamsinovs\AppData\Local\atom\bin
10 verbose lifecycle compose-mongodb-helloworld-nodejs@0.0.0~test: CWD: C:\Users\vsamsinovs\OneDrive\Wit\Distributed Systems\Project2\MongoApi\compose-mongodb-helloworld-nodejs
11 silly lifecycle compose-mongodb-helloworld-nodejs@0.0.0~test: Args: [ '/d /s /c',
11 silly lifecycle   'cross-env NODE_ENV=test mocha --compilers js:babel-core/register' ]
12 silly lifecycle compose-mongodb-helloworld-nodejs@0.0.0~test: Returned: code: 1  signal: null
13 info lifecycle compose-mongodb-helloworld-nodejs@0.0.0~test: Failed to exec test script
14 verbose stack Error: compose-mongodb-helloworld-nodejs@0.0.0 test: `cross-env NODE_ENV=test mocha --compilers js:babel-core/register`
14 verbose stack Exit status 1
14 verbose stack     at EventEmitter.<anonymous> (C:\Program Files\nodejs\node_modules\npm\lib\utils\lifecycle.js:242:16)
14 verbose stack     at emitTwo (events.js:106:13)
14 verbose stack     at EventEmitter.emit (events.js:191:7)
14 verbose stack     at ChildProcess.<anonymous> (C:\Program Files\nodejs\node_modules\npm\lib\utils\spawn.js:40:14)
14 verbose stack     at emitTwo (events.js:106:13)
14 verbose stack     at ChildProcess.emit (events.js:191:7)
14 verbose stack     at maybeClose (internal/child_process.js:877:16)
14 verbose stack     at Process.ChildProcess._handle.onexit (internal/child_process.js:226:5)
15 verbose pkgid compose-mongodb-helloworld-nodejs@0.0.0
16 verbose cwd C:\Users\vsamsinovs\OneDrive\Wit\Distributed Systems\Project2\MongoApi\compose-mongodb-helloworld-nodejs
17 error Windows_NT 10.0.14393
18 error argv "C:\\Program Files\\nodejs\\node.exe" "C:\\Program Files\\nodejs\\node_modules\\npm\\bin\\npm-cli.js" "run" "test"
19 error node v6.6.0
20 error npm  v3.10.3
21 error code ELIFECYCLE
22 error compose-mongodb-helloworld-nodejs@0.0.0 test: `cross-env NODE_ENV=test mocha --compilers js:babel-core/register`
22 error Exit status 1
23 error Failed at the compose-mongodb-helloworld-nodejs@0.0.0 test script 'cross-env NODE_ENV=test mocha --compilers js:babel-core/register'.
23 error Make sure you have the latest version of node.js and npm installed.
23 error If you do, this is most likely a problem with the compose-mongodb-helloworld-nodejs package,
23 error not with npm itself.
23 error Tell the author that this fails on your system:
23 error     cross-env NODE_ENV=test mocha --compilers js:babel-core/register
23 error You can get information on how to open an issue for this project with:
23 error     npm bugs compose-mongodb-helloworld-nodejs
23 error Or if that isn't available, you can get their info via:
23 error     npm owner ls compose-mongodb-helloworld-nodejs
23 error There is likely additional logging output above.
24 verbose exit [ 1, true ]
